2018-01-28 16:12:09 method: com.lemon.phoenix.Base.setUp(Base.java:34) - [ INFO ]----*************************开始测试********************************
2018-01-28 16:12:09 method: com.lemon.phoenix.Base.setUp(Base.java:35) - [ INFO ]----初始化浏览器驱动，浏览器类型是firefox，驱动路径是:src\\test\\resources\\geckodriver.exe
2018-01-28 16:12:52 method: com.lemon.phoenix.Base.setUp(Base.java:39) - [ INFO ]----创建了firefox驱动
2018-01-28 16:13:03 method: com.lemon.phoenix.Base.getElement(Base.java:113) - [ INFO ]----获取元素：{'by','id',{'value','mobilephone'}'【成功】
2018-01-28 16:13:03 method: com.lemon.phoenix.Base.sendkeys(Base.java:194) - [ INFO ]----输入数据：【】
2018-01-28 16:13:04 method: com.lemon.phoenix.Base.getElement(Base.java:113) - [ INFO ]----获取元素：{'by','id',{'value','password'}'【成功】
2018-01-28 16:13:04 method: com.lemon.phoenix.Base.sendkeys(Base.java:194) - [ INFO ]----输入数据：【】
2018-01-28 16:13:04 method: com.lemon.phoenix.Base.getElement(Base.java:113) - [ INFO ]----获取元素：{'by','id',{'value','pwdconfirm'}'【成功】
2018-01-28 16:13:04 method: com.lemon.phoenix.Base.sendkeys(Base.java:194) - [ INFO ]----输入数据：【】
2018-01-28 16:13:05 method: com.lemon.phoenix.Base.getElement(Base.java:113) - [ INFO ]----获取元素：{'by','xpath',{'value','//*[@id='signup-button']'}'【成功】
2018-01-28 16:13:05 method: com.lemon.phoenix.Base.click(Base.java:201) - [ INFO ]----触发点击事件
2018-01-28 16:13:05 method: com.lemon.phoenix.Base.getElement(Base.java:113) - [ INFO ]----获取元素：{'by','xpath',{'value','/html/body/div[2]/div/form/div[4]/div/label/p'}'【成功】
2018-01-28 16:13:05 method: com.lemon.phoenix.Base.getText(Base.java:210) - [ INFO ]----获取元素文本内容：【用户名不能为空】
2018-01-28 16:13:06 method: com.lemon.phoenix.Base.getElement(Base.java:113) - [ INFO ]----获取元素：{'by','id',{'value','mobilephone'}'【成功】
2018-01-28 16:13:06 method: com.lemon.phoenix.Base.sendkeys(Base.java:194) - [ INFO ]----输入数据：【qq】
2018-01-28 16:13:06 method: com.lemon.phoenix.Base.getElement(Base.java:113) - [ INFO ]----获取元素：{'by','id',{'value','password'}'【成功】
2018-01-28 16:13:06 method: com.lemon.phoenix.Base.sendkeys(Base.java:194) - [ INFO ]----输入数据：【】
2018-01-28 16:13:06 method: com.lemon.phoenix.Base.getElement(Base.java:113) - [ INFO ]----获取元素：{'by','id',{'value','pwdconfirm'}'【成功】
2018-01-28 16:13:06 method: com.lemon.phoenix.Base.sendkeys(Base.java:194) - [ INFO ]----输入数据：【】
2018-01-28 16:13:06 method: com.lemon.phoenix.Base.getElement(Base.java:113) - [ INFO ]----获取元素：{'by','xpath',{'value','//*[@id='signup-button']'}'【成功】
2018-01-28 16:13:06 method: com.lemon.phoenix.Base.click(Base.java:201) - [ INFO ]----触发点击事件
2018-01-28 16:13:06 method: com.lemon.phoenix.Base.getElement(Base.java:113) - [ INFO ]----获取元素：{'by','xpath',{'value','/html/body/div[2]/div/form/div[4]/div/label/p'}'【成功】
2018-01-28 16:13:06 method: com.lemon.phoenix.Base.getText(Base.java:210) - [ INFO ]----获取元素文本内容：【非法的手机号】
2018-01-28 16:13:07 method: com.lemon.phoenix.Base.getElement(Base.java:113) - [ INFO ]----获取元素：{'by','id',{'value','mobilephone'}'【成功】
2018-01-28 16:13:07 method: com.lemon.phoenix.Base.sendkeys(Base.java:194) - [ INFO ]----输入数据：【18813984521】
2018-01-28 16:13:07 method: com.lemon.phoenix.Base.getElement(Base.java:113) - [ INFO ]----获取元素：{'by','id',{'value','password'}'【成功】
2018-01-28 16:13:07 method: com.lemon.phoenix.Base.sendkeys(Base.java:194) - [ INFO ]----输入数据：【】
2018-01-28 16:13:07 method: com.lemon.phoenix.Base.getElement(Base.java:113) - [ INFO ]----获取元素：{'by','id',{'value','pwdconfirm'}'【成功】
2018-01-28 16:13:07 method: com.lemon.phoenix.Base.sendkeys(Base.java:194) - [ INFO ]----输入数据：【】
2018-01-28 16:13:07 method: com.lemon.phoenix.Base.getElement(Base.java:113) - [ INFO ]----获取元素：{'by','xpath',{'value','//*[@id='signup-button']'}'【成功】
2018-01-28 16:13:07 method: com.lemon.phoenix.Base.click(Base.java:201) - [ INFO ]----触发点击事件
2018-01-28 16:13:07 method: com.lemon.phoenix.Base.getElement(Base.java:113) - [ INFO ]----获取元素：{'by','xpath',{'value','/html/body/div[2]/div/form/div[4]/div/label/p'}'【成功】
2018-01-28 16:13:07 method: com.lemon.phoenix.Base.getText(Base.java:210) - [ INFO ]----获取元素文本内容：【密码不能为空】
2018-01-28 16:13:07 method: com.lemon.phoenix.Base.getElement(Base.java:113) - [ INFO ]----获取元素：{'by','id',{'value','mobilephone'}'【成功】
2018-01-28 16:13:07 method: com.lemon.phoenix.Base.sendkeys(Base.java:194) - [ INFO ]----输入数据：【18813984521】
2018-01-28 16:13:07 method: com.lemon.phoenix.Base.getElement(Base.java:113) - [ INFO ]----获取元素：{'by','id',{'value','password'}'【成功】
2018-01-28 16:13:07 method: com.lemon.phoenix.Base.sendkeys(Base.java:194) - [ INFO ]----输入数据：【12345】
2018-01-28 16:13:07 method: com.lemon.phoenix.Base.getElement(Base.java:113) - [ INFO ]----获取元素：{'by','id',{'value','pwdconfirm'}'【成功】
2018-01-28 16:13:07 method: com.lemon.phoenix.Base.sendkeys(Base.java:194) - [ INFO ]----输入数据：【】
2018-01-28 16:13:07 method: com.lemon.phoenix.Base.getElement(Base.java:113) - [ INFO ]----获取元素：{'by','xpath',{'value','//*[@id='signup-button']'}'【成功】
2018-01-28 16:13:07 method: com.lemon.phoenix.Base.click(Base.java:201) - [ INFO ]----触发点击事件
2018-01-28 16:13:08 method: com.lemon.phoenix.Base.getElement(Base.java:113) - [ INFO ]----获取元素：{'by','xpath',{'value','/html/body/div[2]/div/form/div[4]/div/label/p'}'【成功】
2018-01-28 16:13:08 method: com.lemon.phoenix.Base.getText(Base.java:210) - [ INFO ]----获取元素文本内容：【密码长度至少为6位】
2018-01-28 16:13:09 method: com.lemon.phoenix.Base.getElement(Base.java:113) - [ INFO ]----获取元素：{'by','id',{'value','mobilephone'}'【成功】
2018-01-28 16:13:09 method: com.lemon.phoenix.Base.sendkeys(Base.java:194) - [ INFO ]----输入数据：【18813984521】
2018-01-28 16:13:09 method: com.lemon.phoenix.Base.getElement(Base.java:113) - [ INFO ]----获取元素：{'by','id',{'value','password'}'【成功】
2018-01-28 16:13:09 method: com.lemon.phoenix.Base.sendkeys(Base.java:194) - [ INFO ]----输入数据：【123456】
2018-01-28 16:13:09 method: com.lemon.phoenix.Base.getElement(Base.java:113) - [ INFO ]----获取元素：{'by','id',{'value','pwdconfirm'}'【成功】
2018-01-28 16:13:09 method: com.lemon.phoenix.Base.sendkeys(Base.java:194) - [ INFO ]----输入数据：【】
2018-01-28 16:13:09 method: com.lemon.phoenix.Base.getElement(Base.java:113) - [ INFO ]----获取元素：{'by','xpath',{'value','//*[@id='signup-button']'}'【成功】
2018-01-28 16:13:09 method: com.lemon.phoenix.Base.click(Base.java:201) - [ INFO ]----触发点击事件
2018-01-28 16:13:09 method: com.lemon.phoenix.Base.getElement(Base.java:113) - [ INFO ]----获取元素：{'by','xpath',{'value','/html/body/div[2]/div/form/div[4]/div/label/p'}'【成功】
2018-01-28 16:13:09 method: com.lemon.phoenix.Base.getText(Base.java:210) - [ INFO ]----获取元素文本内容：【重复密码不能为空】
2018-01-28 16:13:09 method: com.lemon.phoenix.Base.getElement(Base.java:113) - [ INFO ]----获取元素：{'by','id',{'value','mobilephone'}'【成功】
2018-01-28 16:13:09 method: com.lemon.phoenix.Base.sendkeys(Base.java:194) - [ INFO ]----输入数据：【18813984523】
2018-01-28 16:13:09 method: com.lemon.phoenix.Base.getElement(Base.java:113) - [ INFO ]----获取元素：{'by','id',{'value','password'}'【成功】
2018-01-28 16:13:09 method: com.lemon.phoenix.Base.sendkeys(Base.java:194) - [ INFO ]----输入数据：【123456】
2018-01-28 16:13:10 method: com.lemon.phoenix.Base.getElement(Base.java:113) - [ INFO ]----获取元素：{'by','id',{'value','pwdconfirm'}'【成功】
2018-01-28 16:13:10 method: com.lemon.phoenix.Base.sendkeys(Base.java:194) - [ INFO ]----输入数据：【123456】
2018-01-28 16:13:10 method: com.lemon.phoenix.Base.getElement(Base.java:113) - [ INFO ]----获取元素：{'by','xpath',{'value','//*[@id='signup-button']'}'【成功】
2018-01-28 16:13:10 method: com.lemon.phoenix.Base.click(Base.java:201) - [ INFO ]----触发点击事件
2018-01-28 16:13:10 method: com.lemon.phoenix.Base.getElement(Base.java:113) - [ INFO ]----获取元素：{'by','xpath',{'value','/html/body/div[2]/div/form/div[4]/div/label/p'}'【成功】
2018-01-28 16:13:10 method: com.lemon.phoenix.Base.getText(Base.java:210) - [ INFO ]----获取元素文本内容：【此手机号已被注册】
2018-01-28 16:13:10 method: com.lemon.phoenix.Base.tearDown(Base.java:57) - [ INFO ]----****************************完成套件测试*********************************
2018-01-28 16:13:14 method: com.lemon.phoenix.Base.tearDown(Base.java:59) - [ INFO ]----********************************开始发送邮件***************************
2018-01-28 16:13:26 method: com.lemon.phoenix.util.EmailUtil.sendmessage(EmailUtil.java:105) - [ ERROR ]----发送邮件失败！
2018-01-28 16:13:26 method: com.lemon.phoenix.Base.tearDown(Base.java:66) - [ INFO ]----********************************发送邮件成功***************************
2018-01-28 16:32:11 method: com.lemon.phoenix.Base.setUp(Base.java:34) - [ INFO ]----*************************开始测试********************************
2018-01-28 16:32:11 method: com.lemon.phoenix.Base.setUp(Base.java:35) - [ INFO ]----初始化浏览器驱动，浏览器类型是firefox，驱动路径是:src\\test\\resources\\geckodriver.exe
2018-01-28 16:32:43 method: com.lemon.phoenix.Base.setUp(Base.java:39) - [ INFO ]----创建了firefox驱动
2018-01-28 16:32:56 method: com.lemon.phoenix.Base.getElement(Base.java:113) - [ INFO ]----获取元素：{'by','id',{'value','mobilephone'}'【成功】
2018-01-28 16:32:56 method: com.lemon.phoenix.Base.sendkeys(Base.java:194) - [ INFO ]----输入数据：【】
2018-01-28 16:32:57 method: com.lemon.phoenix.Base.getElement(Base.java:113) - [ INFO ]----获取元素：{'by','id',{'value','password'}'【成功】
2018-01-28 16:32:57 method: com.lemon.phoenix.Base.sendkeys(Base.java:194) - [ INFO ]----输入数据：【】
2018-01-28 16:32:57 method: com.lemon.phoenix.Base.getElement(Base.java:113) - [ INFO ]----获取元素：{'by','id',{'value','pwdconfirm'}'【成功】
2018-01-28 16:32:57 method: com.lemon.phoenix.Base.sendkeys(Base.java:194) - [ INFO ]----输入数据：【】
2018-01-28 16:32:57 method: com.lemon.phoenix.Base.getElement(Base.java:113) - [ INFO ]----获取元素：{'by','xpath',{'value','//*[@id='signup-button']'}'【成功】
2018-01-28 16:32:57 method: com.lemon.phoenix.Base.click(Base.java:201) - [ INFO ]----触发点击事件
2018-01-28 16:32:57 method: com.lemon.phoenix.Base.getElement(Base.java:113) - [ INFO ]----获取元素：{'by','xpath',{'value','/html/body/div[2]/div/form/div[4]/div/label/p'}'【成功】
2018-01-28 16:32:57 method: com.lemon.phoenix.Base.getText(Base.java:210) - [ INFO ]----获取元素文本内容：【用户名不能为空】
2018-01-28 16:32:58 method: com.lemon.phoenix.Base.getElement(Base.java:113) - [ INFO ]----获取元素：{'by','id',{'value','mobilephone'}'【成功】
2018-01-28 16:32:58 method: com.lemon.phoenix.Base.sendkeys(Base.java:194) - [ INFO ]----输入数据：【qq】
2018-01-28 16:32:58 method: com.lemon.phoenix.Base.getElement(Base.java:113) - [ INFO ]----获取元素：{'by','id',{'value','password'}'【成功】
2018-01-28 16:32:58 method: com.lemon.phoenix.Base.sendkeys(Base.java:194) - [ INFO ]----输入数据：【】
2018-01-28 16:32:58 method: com.lemon.phoenix.Base.getElement(Base.java:113) - [ INFO ]----获取元素：{'by','id',{'value','pwdconfirm'}'【成功】
2018-01-28 16:32:58 method: com.lemon.phoenix.Base.sendkeys(Base.java:194) - [ INFO ]----输入数据：【】
2018-01-28 16:32:58 method: com.lemon.phoenix.Base.getElement(Base.java:113) - [ INFO ]----获取元素：{'by','xpath',{'value','//*[@id='signup-button']'}'【成功】
2018-01-28 16:32:58 method: com.lemon.phoenix.Base.click(Base.java:201) - [ INFO ]----触发点击事件
2018-01-28 16:32:58 method: com.lemon.phoenix.Base.getElement(Base.java:113) - [ INFO ]----获取元素：{'by','xpath',{'value','/html/body/div[2]/div/form/div[4]/div/label/p'}'【成功】
2018-01-28 16:32:58 method: com.lemon.phoenix.Base.getText(Base.java:210) - [ INFO ]----获取元素文本内容：【非法的手机号】
2018-01-28 16:32:59 method: com.lemon.phoenix.Base.getElement(Base.java:113) - [ INFO ]----获取元素：{'by','id',{'value','mobilephone'}'【成功】
2018-01-28 16:32:59 method: com.lemon.phoenix.Base.sendkeys(Base.java:194) - [ INFO ]----输入数据：【18813984521】
2018-01-28 16:32:59 method: com.lemon.phoenix.Base.getElement(Base.java:113) - [ INFO ]----获取元素：{'by','id',{'value','password'}'【成功】
2018-01-28 16:32:59 method: com.lemon.phoenix.Base.sendkeys(Base.java:194) - [ INFO ]----输入数据：【】
2018-01-28 16:32:59 method: com.lemon.phoenix.Base.getElement(Base.java:113) - [ INFO ]----获取元素：{'by','id',{'value','pwdconfirm'}'【成功】
2018-01-28 16:32:59 method: com.lemon.phoenix.Base.sendkeys(Base.java:194) - [ INFO ]----输入数据：【】
2018-01-28 16:32:59 method: com.lemon.phoenix.Base.getElement(Base.java:113) - [ INFO ]----获取元素：{'by','xpath',{'value','//*[@id='signup-button']'}'【成功】
2018-01-28 16:32:59 method: com.lemon.phoenix.Base.click(Base.java:201) - [ INFO ]----触发点击事件
2018-01-28 16:32:59 method: com.lemon.phoenix.Base.getElement(Base.java:113) - [ INFO ]----获取元素：{'by','xpath',{'value','/html/body/div[2]/div/form/div[4]/div/label/p'}'【成功】
2018-01-28 16:32:59 method: com.lemon.phoenix.Base.getText(Base.java:210) - [ INFO ]----获取元素文本内容：【密码不能为空】
2018-01-28 16:32:59 method: com.lemon.phoenix.Base.getElement(Base.java:113) - [ INFO ]----获取元素：{'by','id',{'value','mobilephone'}'【成功】
2018-01-28 16:32:59 method: com.lemon.phoenix.Base.sendkeys(Base.java:194) - [ INFO ]----输入数据：【18813984521】
2018-01-28 16:32:59 method: com.lemon.phoenix.Base.getElement(Base.java:113) - [ INFO ]----获取元素：{'by','id',{'value','password'}'【成功】
2018-01-28 16:32:59 method: com.lemon.phoenix.Base.sendkeys(Base.java:194) - [ INFO ]----输入数据：【12345】
2018-01-28 16:32:59 method: com.lemon.phoenix.Base.getElement(Base.java:113) - [ INFO ]----获取元素：{'by','id',{'value','pwdconfirm'}'【成功】
2018-01-28 16:32:59 method: com.lemon.phoenix.Base.sendkeys(Base.java:194) - [ INFO ]----输入数据：【】
2018-01-28 16:32:59 method: com.lemon.phoenix.Base.getElement(Base.java:113) - [ INFO ]----获取元素：{'by','xpath',{'value','//*[@id='signup-button']'}'【成功】
2018-01-28 16:32:59 method: com.lemon.phoenix.Base.click(Base.java:201) - [ INFO ]----触发点击事件
2018-01-28 16:33:00 method: com.lemon.phoenix.Base.getElement(Base.java:113) - [ INFO ]----获取元素：{'by','xpath',{'value','/html/body/div[2]/div/form/div[4]/div/label/p'}'【成功】
2018-01-28 16:33:00 method: com.lemon.phoenix.Base.getText(Base.java:210) - [ INFO ]----获取元素文本内容：【密码长度至少为6位】
2018-01-28 16:33:00 method: com.lemon.phoenix.Base.getElement(Base.java:113) - [ INFO ]----获取元素：{'by','id',{'value','mobilephone'}'【成功】
2018-01-28 16:33:00 method: com.lemon.phoenix.Base.sendkeys(Base.java:194) - [ INFO ]----输入数据：【18813984521】
2018-01-28 16:33:00 method: com.lemon.phoenix.Base.getElement(Base.java:113) - [ INFO ]----获取元素：{'by','id',{'value','password'}'【成功】
2018-01-28 16:33:00 method: com.lemon.phoenix.Base.sendkeys(Base.java:194) - [ INFO ]----输入数据：【123456】
2018-01-28 16:33:00 method: com.lemon.phoenix.Base.getElement(Base.java:113) - [ INFO ]----获取元素：{'by','id',{'value','pwdconfirm'}'【成功】
2018-01-28 16:33:00 method: com.lemon.phoenix.Base.sendkeys(Base.java:194) - [ INFO ]----输入数据：【】
2018-01-28 16:33:00 method: com.lemon.phoenix.Base.getElement(Base.java:113) - [ INFO ]----获取元素：{'by','xpath',{'value','//*[@id='signup-button']'}'【成功】
2018-01-28 16:33:00 method: com.lemon.phoenix.Base.click(Base.java:201) - [ INFO ]----触发点击事件
2018-01-28 16:33:01 method: com.lemon.phoenix.Base.getElement(Base.java:113) - [ INFO ]----获取元素：{'by','xpath',{'value','/html/body/div[2]/div/form/div[4]/div/label/p'}'【成功】
2018-01-28 16:33:01 method: com.lemon.phoenix.Base.getText(Base.java:210) - [ INFO ]----获取元素文本内容：【重复密码不能为空】
2018-01-28 16:33:01 method: com.lemon.phoenix.Base.getElement(Base.java:113) - [ INFO ]----获取元素：{'by','id',{'value','mobilephone'}'【成功】
2018-01-28 16:33:01 method: com.lemon.phoenix.Base.sendkeys(Base.java:194) - [ INFO ]----输入数据：【18813984523】
2018-01-28 16:33:01 method: com.lemon.phoenix.Base.getElement(Base.java:113) - [ INFO ]----获取元素：{'by','id',{'value','password'}'【成功】
2018-01-28 16:33:01 method: com.lemon.phoenix.Base.sendkeys(Base.java:194) - [ INFO ]----输入数据：【123456】
2018-01-28 16:33:01 method: com.lemon.phoenix.Base.getElement(Base.java:113) - [ INFO ]----获取元素：{'by','id',{'value','pwdconfirm'}'【成功】
2018-01-28 16:33:01 method: com.lemon.phoenix.Base.sendkeys(Base.java:194) - [ INFO ]----输入数据：【123456】
2018-01-28 16:33:01 method: com.lemon.phoenix.Base.getElement(Base.java:113) - [ INFO ]----获取元素：{'by','xpath',{'value','//*[@id='signup-button']'}'【成功】
2018-01-28 16:33:01 method: com.lemon.phoenix.Base.click(Base.java:201) - [ INFO ]----触发点击事件
2018-01-28 16:33:01 method: com.lemon.phoenix.Base.getElement(Base.java:113) - [ INFO ]----获取元素：{'by','xpath',{'value','/html/body/div[2]/div/form/div[4]/div/label/p'}'【成功】
2018-01-28 16:33:01 method: com.lemon.phoenix.Base.getText(Base.java:210) - [ INFO ]----获取元素文本内容：【此手机号已被注册】
2018-01-28 16:33:02 method: com.lemon.phoenix.Base.tearDown(Base.java:57) - [ INFO ]----****************************完成套件测试*********************************
2018-01-28 16:33:05 method: com.lemon.phoenix.Base.tearDown(Base.java:59) - [ INFO ]----********************************开始发送邮件***************************
2018-01-28 16:33:16 method: com.lemon.phoenix.util.EmailUtil.sendmessage(EmailUtil.java:105) - [ ERROR ]----发送邮件失败！
2018-01-28 16:33:16 method: com.lemon.phoenix.Base.tearDown(Base.java:66) - [ INFO ]----********************************发送邮件成功***************************
2018-01-28 20:03:10 method: com.lemon.phoenix.Base.setUp(Base.java:34) - [ INFO ]----*************************开始测试********************************
2018-01-28 20:03:10 method: com.lemon.phoenix.Base.setUp(Base.java:35) - [ INFO ]----初始化浏览器驱动，浏览器类型是firefox，驱动路径是:src\\test\\resources\\geckodriver.exe
2018-01-28 20:03:57 method: com.lemon.phoenix.Base.setUp(Base.java:39) - [ INFO ]----创建了firefox驱动
2018-01-28 20:04:09 method: com.lemon.phoenix.Base.getElement(Base.java:113) - [ INFO ]----获取元素：{'by','id',{'value','mobilephone'}'【成功】
2018-01-28 20:04:09 method: com.lemon.phoenix.Base.sendkeys(Base.java:239) - [ INFO ]----输入数据：【18583103450】
2018-01-28 20:04:10 method: com.lemon.phoenix.Base.getElement(Base.java:113) - [ INFO ]----获取元素：{'by','id',{'value','password'}'【成功】
2018-01-28 20:04:10 method: com.lemon.phoenix.Base.sendkeys(Base.java:239) - [ INFO ]----输入数据：【18583103450】
2018-01-28 20:04:10 method: com.lemon.phoenix.Base.getElement(Base.java:113) - [ INFO ]----获取元素：{'by','id',{'value','pwdconfirm'}'【成功】
2018-01-28 20:04:10 method: com.lemon.phoenix.Base.sendkeys(Base.java:239) - [ INFO ]----输入数据：【18583103450】
2018-01-28 20:04:11 method: com.lemon.phoenix.Base.getElement(Base.java:113) - [ INFO ]----获取元素：{'by','xpath',{'value','//*[@id='signup-button']'}'【成功】
2018-01-28 20:04:11 method: com.lemon.phoenix.Base.click(Base.java:246) - [ INFO ]----触发点击事件
2018-01-28 20:04:12 method: com.lemon.phoenix.Base.tearDown(Base.java:57) - [ INFO ]----****************************完成套件测试*********************************
2018-01-28 20:04:18 method: com.lemon.phoenix.Base.tearDown(Base.java:59) - [ INFO ]----********************************开始发送邮件***************************
2018-01-28 20:04:28 method: com.lemon.phoenix.util.EmailUtil.sendmessage(EmailUtil.java:105) - [ ERROR ]----发送邮件失败！
2018-01-28 20:04:28 method: com.lemon.phoenix.Base.tearDown(Base.java:66) - [ INFO ]----********************************发送邮件成功***************************
2018-01-28 20:43:21 method: com.lemon.phoenix.Base.setUp(Base.java:34) - [ INFO ]----*************************开始测试********************************
2018-01-28 20:43:21 method: com.lemon.phoenix.Base.setUp(Base.java:35) - [ INFO ]----初始化浏览器驱动，浏览器类型是firefox，驱动路径是:src\\test\\resources\\geckodriver.exe
2018-01-28 20:44:01 method: com.lemon.phoenix.Base.setUp(Base.java:39) - [ INFO ]----创建了firefox驱动
2018-01-28 20:44:13 method: com.lemon.phoenix.Base.getElement(Base.java:113) - [ INFO ]----获取元素：{'by','id',{'value','mobilephone'}'【成功】
2018-01-28 20:44:13 method: com.lemon.phoenix.Base.sendkeys(Base.java:239) - [ INFO ]----输入数据：【18583103451】
2018-01-28 20:44:14 method: com.lemon.phoenix.Base.getElement(Base.java:113) - [ INFO ]----获取元素：{'by','id',{'value','password'}'【成功】
2018-01-28 20:44:14 method: com.lemon.phoenix.Base.sendkeys(Base.java:239) - [ INFO ]----输入数据：【18583103451】
2018-01-28 20:44:14 method: com.lemon.phoenix.Base.getElement(Base.java:113) - [ INFO ]----获取元素：{'by','id',{'value','pwdconfirm'}'【成功】
2018-01-28 20:44:14 method: com.lemon.phoenix.Base.sendkeys(Base.java:239) - [ INFO ]----输入数据：【18583103451】
2018-01-28 20:44:15 method: com.lemon.phoenix.Base.getElement(Base.java:113) - [ INFO ]----获取元素：{'by','xpath',{'value','//*[@id='signup-button']'}'【成功】
2018-01-28 20:44:15 method: com.lemon.phoenix.Base.click(Base.java:246) - [ INFO ]----触发点击事件
2018-01-28 20:44:17 method: com.lemon.phoenix.Base.tearDown(Base.java:57) - [ INFO ]----****************************完成套件测试*********************************
2018-01-28 20:44:22 method: com.lemon.phoenix.Base.tearDown(Base.java:59) - [ INFO ]----********************************开始发送邮件***************************
2018-01-28 20:44:25 method: com.lemon.phoenix.util.EmailUtil.sendmessage(EmailUtil.java:105) - [ ERROR ]----发送邮件失败！
2018-01-28 20:44:25 method: com.lemon.phoenix.Base.tearDown(Base.java:66) - [ INFO ]----********************************发送邮件成功***************************
2018-01-28 21:12:35 method: com.lemon.phoenix.Base.setUp(Base.java:34) - [ INFO ]----*************************开始测试********************************
2018-01-28 21:12:35 method: com.lemon.phoenix.Base.setUp(Base.java:35) - [ INFO ]----初始化浏览器驱动，浏览器类型是firefox，驱动路径是:src\\test\\resources\\geckodriver.exe
2018-01-28 21:13:38 method: com.lemon.phoenix.Base.setUp(Base.java:39) - [ INFO ]----创建了firefox驱动
2018-01-28 21:14:11 method: com.lemon.phoenix.Base.getElement(Base.java:114) - [ INFO ]----获取元素：{'by','id',{'value','mobilephone'}'【成功】
2018-01-28 21:14:11 method: com.lemon.phoenix.Base.sendkeys(Base.java:240) - [ INFO ]----输入数据：【18583103452】
2018-01-28 21:14:12 method: com.lemon.phoenix.Base.getElement(Base.java:114) - [ INFO ]----获取元素：{'by','id',{'value','password'}'【成功】
2018-01-28 21:14:12 method: com.lemon.phoenix.Base.sendkeys(Base.java:240) - [ INFO ]----输入数据：【18583103452】
2018-01-28 21:14:13 method: com.lemon.phoenix.Base.getElement(Base.java:114) - [ INFO ]----获取元素：{'by','id',{'value','pwdconfirm'}'【成功】
2018-01-28 21:14:13 method: com.lemon.phoenix.Base.sendkeys(Base.java:240) - [ INFO ]----输入数据：【18583103452】
2018-01-28 21:14:13 method: com.lemon.phoenix.Base.getElement(Base.java:114) - [ INFO ]----获取元素：{'by','xpath',{'value','//*[@id='signup-button']'}'【成功】
2018-01-28 21:14:13 method: com.lemon.phoenix.Base.click(Base.java:247) - [ INFO ]----触发点击事件
2018-01-28 21:14:13 method: com.lemon.phoenix.Base.getElementByCertainPage(Base.java:159) - [ INFO ]----获取元素：{'by','id',{'value','login'}'【成功】
2018-01-28 21:14:24 method: com.lemon.phoenix.Base.tearDown(Base.java:57) - [ INFO ]----****************************完成套件测试*********************************
2018-01-28 21:14:29 method: com.lemon.phoenix.Base.tearDown(Base.java:59) - [ INFO ]----********************************开始发送邮件***************************
2018-01-28 21:19:45 method: com.lemon.phoenix.Base.setUp(Base.java:34) - [ INFO ]----*************************开始测试********************************
2018-01-28 21:19:45 method: com.lemon.phoenix.Base.setUp(Base.java:35) - [ INFO ]----初始化浏览器驱动，浏览器类型是firefox，驱动路径是:src\\test\\resources\\geckodriver.exe
2018-01-28 21:20:23 method: com.lemon.phoenix.Base.setUp(Base.java:39) - [ INFO ]----创建了firefox驱动
2018-01-28 21:20:44 method: com.lemon.phoenix.Base.getElement(Base.java:114) - [ INFO ]----获取元素：{'by','id',{'value','mobilephone'}'【成功】
2018-01-28 21:20:44 method: com.lemon.phoenix.Base.sendkeys(Base.java:240) - [ INFO ]----输入数据：【18583103453】
2018-01-28 21:20:45 method: com.lemon.phoenix.Base.getElement(Base.java:114) - [ INFO ]----获取元素：{'by','id',{'value','password'}'【成功】
2018-01-28 21:20:45 method: com.lemon.phoenix.Base.sendkeys(Base.java:240) - [ INFO ]----输入数据：【18583103453】
2018-01-28 21:20:46 method: com.lemon.phoenix.Base.getElement(Base.java:114) - [ INFO ]----获取元素：{'by','id',{'value','pwdconfirm'}'【成功】
2018-01-28 21:20:46 method: com.lemon.phoenix.Base.sendkeys(Base.java:240) - [ INFO ]----输入数据：【18583103453】
2018-01-28 21:20:46 method: com.lemon.phoenix.Base.getElement(Base.java:114) - [ INFO ]----获取元素：{'by','xpath',{'value','//*[@id='signup-button']'}'【成功】
2018-01-28 21:20:46 method: com.lemon.phoenix.Base.click(Base.java:247) - [ INFO ]----触发点击事件
2018-01-28 21:20:46 method: com.lemon.phoenix.Base.getElementByCertainPage(Base.java:159) - [ INFO ]----获取元素：{'by','id',{'value','login'}'【成功】
2018-01-28 21:20:48 method: com.lemon.phoenix.Base.tearDown(Base.java:57) - [ INFO ]----****************************完成套件测试*********************************
2018-01-28 21:20:49 method: com.lemon.phoenix.Base.tearDown(Base.java:59) - [ INFO ]----********************************开始发送邮件***************************
2018-01-28 21:20:50 method: com.lemon.phoenix.util.EmailUtil.sendmessage(EmailUtil.java:105) - [ ERROR ]----发送邮件失败！
2018-01-28 21:20:50 method: com.lemon.phoenix.Base.tearDown(Base.java:67) - [ INFO ]----********************************发送邮件成功***************************
2018-01-28 21:36:51 method: com.lemon.phoenix.util.EmailUtil.sendmessage(EmailUtil.java:105) - [ ERROR ]----发送邮件失败！
2018-01-28 21:36:51 method: com.lemon.phoenix.Base.tearDown(Base.java:67) - [ INFO ]----********************************发送邮件成功***************************
